android/app/build/intermediates/manifest_merge_blame_file/debug/manifest-merger-blame-debug-report.txt
1<?xml version="1.0" encoding="utf-8"?>
2<manifest xmlns:android="http://schemas.android.com/apk/res/android"
3    package="com.callkit"
4    android:versionCode="1"
5    android:versionName="1.0" >
6
7    <uses-sdk
8        android:minSdkVersion="21"
9        android:targetSdkVersion="28" />
10
11    <uses-permission android:name="android.permission.SYSTEM_ALERT_WINDOW" />
11-->src/main/AndroidManifest.xml:3:3-75
11-->src/main/AndroidManifest.xml:3:20-73
12    <uses-permission android:name="android.permission.INTERNET" /> <!-- OPTIONAL PERMISSIONS, REMOVE WHATEVER YOU DO NOT NEED -->
12-->src/main/AndroidManifest.xml:2:3-64
12-->src/main/AndroidManifest.xml:2:20-62
13    <uses-permission android:name="android.permission.MANAGE_DOCUMENTS" />
13-->src/main/AndroidManifest.xml:5:3-72
13-->src/main/AndroidManifest.xml:5:20-70
14    <uses-permission android:name="android.permission.READ_INTERNAL_STORAGE" />
14-->src/main/AndroidManifest.xml:6:3-77
14-->src/main/AndroidManifest.xml:6:20-75
15    <uses-permission android:name="android.permission.READ_PHONE_STATE" />
15-->src/main/AndroidManifest.xml:7:3-72
15-->src/main/AndroidManifest.xml:7:20-70
16    <uses-permission android:name="android.permission.USE_FINGERPRINT" />
16-->src/main/AndroidManifest.xml:8:3-71
16-->src/main/AndroidManifest.xml:8:20-69
17    <uses-permission android:name="android.permission.VIBRATE" />
17-->src/main/AndroidManifest.xml:9:3-63
17-->src/main/AndroidManifest.xml:9:20-61
18    <uses-permission android:name="android.permission.MODIFY_AUDIO_SETTINGS" /> <!-- These require runtime permissions on M -->
18-->src/main/AndroidManifest.xml:10:3-77
18-->src/main/AndroidManifest.xml:10:20-75
19    <uses-permission android:name="android.permission.ACCESS_COARSE_LOCATION" />
19-->src/main/AndroidManifest.xml:12:3-78
19-->src/main/AndroidManifest.xml:12:20-76
20    <uses-permission android:name="android.permission.ACCESS_FINE_LOCATION" />
20-->src/main/AndroidManifest.xml:13:3-76
20-->src/main/AndroidManifest.xml:13:20-74
21    <uses-permission android:name="android.permission.CAMERA" />
21-->src/main/AndroidManifest.xml:14:3-62
21-->src/main/AndroidManifest.xml:14:20-60
22    <uses-permission android:name="android.permission.READ_CONTACTS" />
22-->src/main/AndroidManifest.xml:15:3-69
22-->src/main/AndroidManifest.xml:15:20-67
23    <uses-permission android:name="android.permission.READ_CALENDAR" />
23-->src/main/AndroidManifest.xml:16:3-69
23-->src/main/AndroidManifest.xml:16:20-67
24    <uses-permission android:name="android.permission.WRITE_CALENDAR" />
24-->src/main/AndroidManifest.xml:17:3-70
24-->src/main/AndroidManifest.xml:17:20-68
25    <uses-permission android:name="android.permission.READ_EXTERNAL_STORAGE" />
25-->src/main/AndroidManifest.xml:18:3-77
25-->src/main/AndroidManifest.xml:18:20-75
26    <uses-permission android:name="android.permission.RECORD_AUDIO" />
26-->src/main/AndroidManifest.xml:19:3-68
26-->src/main/AndroidManifest.xml:19:20-66
27    <uses-permission android:name="android.permission.WRITE_EXTERNAL_STORAGE" />
27-->src/main/AndroidManifest.xml:20:3-78
27-->src/main/AndroidManifest.xml:20:20-76
28    <uses-permission android:name="android.permission.WRITE_SETTINGS" />
28-->src/main/AndroidManifest.xml:21:3-70
28-->src/main/AndroidManifest.xml:21:20-68
29    <uses-permission android:name="android.permission.BIND_TELECOM_CONNECTION_SERVICE" />
29-->src/main/AndroidManifest.xml:23:3-87
29-->src/main/AndroidManifest.xml:23:20-85
30    <uses-permission android:name="android.permission.FOREGROUND_SERVICE" />
30-->src/main/AndroidManifest.xml:24:3-75
30-->src/main/AndroidManifest.xml:24:20-72
31    <uses-permission android:name="android.permission.READ_PHONE_STATE" />
31-->src/main/AndroidManifest.xml:7:3-72
31-->src/main/AndroidManifest.xml:7:20-70
32    <uses-permission android:name="android.permission.CALL_PHONE" />
32-->src/main/AndroidManifest.xml:26:3-67
32-->src/main/AndroidManifest.xml:26:20-64
33    <uses-permission android:name="android.permission.WAKE_LOCK" />
33-->[:react-native-background-timer] AndroidManifest.xml:11:5-68
33-->[:react-native-background-timer] AndroidManifest.xml:11:22-65
34    <uses-permission android:name="android.permission.ACCESS_NETWORK_STATE" />
34-->[:expo-updates] AndroidManifest.xml:11:5-79
34-->[:expo-updates] AndroidManifest.xml:11:22-76
35    <uses-permission android:name="android.permission.STORAGE" />
35-->[:expo-file-system] AndroidManifest.xml:15:5-66
35-->[:expo-file-system] AndroidManifest.xml:15:22-63
36    <uses-permission android:name="com.google.android.finsky.permission.BIND_GET_INSTALL_REFERRER_SERVICE" /> <!-- Required by older versions of Google Play services to create IID tokens -->
36-->[com.android.installreferrer:installreferrer:1.1.2] AndroidManifest.xml:9:5-110
36-->[com.android.installreferrer:installreferrer:1.1.2] AndroidManifest.xml:9:22-107
37    <uses-permission android:name="com.google.android.c2dm.permission.RECEIVE" />
37-->[com.google.android.gms:play-services-iid:17.0.0] AndroidManifest.xml:23:5-82
37-->[com.google.android.gms:play-services-iid:17.0.0] AndroidManifest.xml:23:22-79
38    <uses-permission android:name="com.google.android.providers.gsf.permission.READ_GSERVICES" />
38-->[io.nlopez.smartlocation:library:3.2.11] AndroidManifest.xml:15:5-98
38-->[io.nlopez.smartlocation:library:3.2.11] AndroidManifest.xml:15:22-95
39    <uses-permission android:name="com.google.android.gms.permission.ACTIVITY_RECOGNITION" />
39-->[io.nlopez.smartlocation:library:3.2.11] AndroidManifest.xml:16:5-94
39-->[io.nlopez.smartlocation:library:3.2.11] AndroidManifest.xml:16:22-91
40
41    <application
41-->src/main/AndroidManifest.xml:29:3-61:17
42        android:name="com.callkit.MainApplication"
42-->src/main/AndroidManifest.xml:30:5-36
43        android:allowBackup="false"
43-->src/main/AndroidManifest.xml:34:5-32
44        android:appComponentFactory="androidx.core.app.CoreComponentFactory"
44-->[androidx.core:core:1.1.0] AndroidManifest.xml:24:18-86
45        android:debuggable="true"
46        android:icon="@mipmap/ic_launcher"
46-->src/main/AndroidManifest.xml:32:5-39
47        android:label="@string/app_name"
47-->src/main/AndroidManifest.xml:31:5-37
48        android:roundIcon="@mipmap/ic_launcher_round"
48-->src/main/AndroidManifest.xml:33:5-50
49        android:testOnly="true"
50        android:theme="@style/AppTheme"
50-->src/main/AndroidManifest.xml:35:5-36
51        android:usesCleartextTraffic="true" >
51-->src/debug/AndroidManifest.xml:6:18-53
52        <service
52-->src/main/AndroidManifest.xml:38:7-44:15
53            android:name="io.wazo.callkeep.VoiceConnectionService"
53-->src/main/AndroidManifest.xml:38:16-70
54            android:label="Wazo"
54-->src/main/AndroidManifest.xml:39:9-29
55            android:permission="android.permission.BIND_TELECOM_CONNECTION_SERVICE" >
55-->src/main/AndroidManifest.xml:40:9-80
56            <intent-filter>
56-->src/main/AndroidManifest.xml:41:9-43:25
57                <action android:name="android.telecom.ConnectionService" />
57-->src/main/AndroidManifest.xml:42:13-72
57-->src/main/AndroidManifest.xml:42:21-69
58            </intent-filter>
59        </service>
60
61        <meta-data
61-->src/main/AndroidManifest.xml:45:5-103
62            android:name="expo.modules.updates.EXPO_UPDATE_URL"
62-->src/main/AndroidManifest.xml:45:16-67
63            android:value="YOUR-APP-URL-HERE" />
63-->src/main/AndroidManifest.xml:45:68-101
64        <meta-data
64-->src/main/AndroidManifest.xml:46:5-112
65            android:name="expo.modules.updates.EXPO_SDK_VERSION"
65-->src/main/AndroidManifest.xml:46:16-68
66            android:value="YOUR-APP-SDK-VERSION-HERE" />
66-->src/main/AndroidManifest.xml:46:69-110
67
68        <activity
68-->src/main/AndroidManifest.xml:47:5-59:16
69            android:name="com.callkit.MainActivity"
69-->src/main/AndroidManifest.xml:48:7-35
70            android:configChanges="keyboard|keyboardHidden|orientation|screenSize"
70-->src/main/AndroidManifest.xml:50:7-77
71            android:label="@string/app_name"
71-->src/main/AndroidManifest.xml:49:7-39
72            android:launchMode="singleTask"
72-->src/main/AndroidManifest.xml:51:7-38
73            android:theme="@style/Theme.App.SplashScreen"
73-->src/main/AndroidManifest.xml:53:7-52
74            android:windowSoftInputMode="adjustResize" >
74-->src/main/AndroidManifest.xml:52:7-49
75            <intent-filter>
75-->src/main/AndroidManifest.xml:55:7-58:23
76                <action android:name="android.intent.action.MAIN" />
76-->src/main/AndroidManifest.xml:56:9-60
76-->src/main/AndroidManifest.xml:56:17-58
77
78                <category android:name="android.intent.category.LAUNCHER" />
78-->src/main/AndroidManifest.xml:57:9-68
78-->src/main/AndroidManifest.xml:57:19-66
79            </intent-filter>
80        </activity>
81        <activity android:name="com.facebook.react.devsupport.DevSettingsActivity" />
81-->src/main/AndroidManifest.xml:60:5-81
81-->src/main/AndroidManifest.xml:60:15-79
82
83        <receiver
83-->[:react-native-device-info] AndroidManifest.xml:13:9-21:20
84            android:name="com.learnium.RNDeviceInfo.RNDeviceReceiver"
84-->[:react-native-device-info] AndroidManifest.xml:14:13-70
85            android:enabled="true"
85-->[:react-native-device-info] AndroidManifest.xml:15:13-35
86            android:exported="true" >
86-->[:react-native-device-info] AndroidManifest.xml:16:13-36
87            <intent-filter>
87-->[:react-native-device-info] AndroidManifest.xml:18:13-20:29
88                <action android:name="com.android.vending.INSTALL_REFERRER" />
88-->[:react-native-device-info] AndroidManifest.xml:19:17-79
88-->[:react-native-device-info] AndroidManifest.xml:19:25-76
89            </intent-filter>
90        </receiver>
91
92        <provider
92-->[:expo-file-system] AndroidManifest.xml:18:9-27:20
93            android:name="expo.modules.filesystem.FileSystemFileProvider"
93-->[:expo-file-system] AndroidManifest.xml:19:13-74
94            android:authorities="com.callkit.FileSystemFileProvider"
94-->[:expo-file-system] AndroidManifest.xml:20:13-74
95            android:exported="false"
95-->[:expo-file-system] AndroidManifest.xml:21:13-37
96            android:grantUriPermissions="true" >
96-->[:expo-file-system] AndroidManifest.xml:22:13-47
97            <meta-data
97-->[:expo-file-system] AndroidManifest.xml:24:13-26:70
98                android:name="android.support.FILE_PROVIDER_PATHS"
98-->[:expo-file-system] AndroidManifest.xml:25:17-67
99                android:resource="@xml/file_system_provider_paths" />
99-->[:expo-file-system] AndroidManifest.xml:26:17-67
100        </provider>
101
102        <service
102-->[:expo-location] AndroidManifest.xml:16:9-18:40
103            android:name="expo.modules.location.services.LocationTaskService"
103-->[:expo-location] AndroidManifest.xml:17:13-78
104            android:exported="false" />
104-->[:expo-location] AndroidManifest.xml:18:13-37
105
106        <activity
106-->[com.google.android.gms:play-services-base:17.0.0] AndroidManifest.xml:23:9-26:75
107            android:name="com.google.android.gms.common.api.GoogleApiActivity"
107-->[com.google.android.gms:play-services-base:17.0.0] AndroidManifest.xml:24:13-79
108            android:exported="false"
108-->[com.google.android.gms:play-services-base:17.0.0] AndroidManifest.xml:25:13-37
109            android:theme="@android:style/Theme.Translucent.NoTitleBar" />
109-->[com.google.android.gms:play-services-base:17.0.0] AndroidManifest.xml:26:13-72
110
111        <meta-data
111-->[com.google.android.gms:play-services-basement:17.0.0] AndroidManifest.xml:23:9-25:69
112            android:name="com.google.android.gms.version"
112-->[com.google.android.gms:play-services-basement:17.0.0] AndroidManifest.xml:24:13-58
113            android:value="@integer/google_play_services_version" />
113-->[com.google.android.gms:play-services-basement:17.0.0] AndroidManifest.xml:25:13-66
114
115        <service
115-->[androidx.room:room-runtime:2.1.0] AndroidManifest.xml:25:9-27:40
116            android:name="androidx.room.MultiInstanceInvalidationService"
116-->[androidx.room:room-runtime:2.1.0] AndroidManifest.xml:26:13-74
117            android:exported="false" />
117-->[androidx.room:room-runtime:2.1.0] AndroidManifest.xml:27:13-37
118        <service
118-->[io.nlopez.smartlocation:library:3.2.11] AndroidManifest.xml:19:9-21:40
119            android:name="io.nlopez.smartlocation.activity.providers.ActivityGooglePlayServicesProvider$ActivityRecognitionService"
119-->[io.nlopez.smartlocation:library:3.2.11] AndroidManifest.xml:20:13-132
120            android:exported="false" />
120-->[io.nlopez.smartlocation:library:3.2.11] AndroidManifest.xml:21:13-37
121        <service
121-->[io.nlopez.smartlocation:library:3.2.11] AndroidManifest.xml:22:9-24:40
122            android:name="io.nlopez.smartlocation.geofencing.providers.GeofencingGooglePlayServicesProvider$GeofencingService"
122-->[io.nlopez.smartlocation:library:3.2.11] AndroidManifest.xml:23:13-127
123            android:exported="false" />
123-->[io.nlopez.smartlocation:library:3.2.11] AndroidManifest.xml:24:13-37
124        <service
124-->[io.nlopez.smartlocation:library:3.2.11] AndroidManifest.xml:25:9-27:40
125            android:name="io.nlopez.smartlocation.geocoding.providers.AndroidGeocodingProvider$AndroidGeocodingService"
125-->[io.nlopez.smartlocation:library:3.2.11] AndroidManifest.xml:26:13-120
126            android:exported="false" />
126-->[io.nlopez.smartlocation:library:3.2.11] AndroidManifest.xml:27:13-37
127    </application>
128
129</manifest>